2021-10-02 19:34:42 WARN  NativeCodeLoader:62 - Unable to load native-hadoop library for your platform... using builtin-java classes where applicable
2021-10-02 19:34:43 INFO  SparkContext:54 - Running Spark version 2.3.0
2021-10-02 19:34:43 INFO  SparkContext:54 - Submitted application: test
2021-10-02 19:34:43 INFO  SecurityManager:54 - Changing view acls to: dh207698
2021-10-02 19:34:43 INFO  SecurityManager:54 - Changing modify acls to: dh207698
2021-10-02 19:34:43 INFO  SecurityManager:54 - Changing view acls groups to: 
2021-10-02 19:34:43 INFO  SecurityManager:54 - Changing modify acls groups to: 
2021-10-02 19:34:43 INFO  SecurityManager:54 - SecurityManager: authentication disabled; ui acls disabled; users  with view permissions: Set(dh207698); groups with view permissions: Set(); users  with modify permissions: Set(dh207698); groups with modify permissions: Set()
2021-10-02 19:34:43 INFO  Utils:54 - Successfully started service 'sparkDriver' on port 53012.
2021-10-02 19:34:43 INFO  SparkEnv:54 - Registering MapOutputTracker
2021-10-02 19:34:43 INFO  SparkEnv:54 - Registering BlockManagerMaster
2021-10-02 19:34:43 INFO  BlockManagerMasterEndpoint:54 - Using org.apache.spark.storage.DefaultTopologyMapper for getting topology information
2021-10-02 19:34:43 INFO  BlockManagerMasterEndpoint:54 - BlockManagerMasterEndpoint up
2021-10-02 19:34:43 INFO  DiskBlockManager:54 - Created local directory at C:\Users\dh207698\AppData\Local\Temp\blockmgr-b90ea979-dfe0-449d-bb17-b62088feb138
2021-10-02 19:34:44 INFO  MemoryStore:54 - MemoryStore started with capacity 413.9 MB
2021-10-02 19:34:44 INFO  SparkEnv:54 - Registering OutputCommitCoordinator
2021-10-02 19:34:44 INFO  log:192 - Logging initialized @2852ms
2021-10-02 19:34:44 INFO  Server:346 - jetty-9.3.z-SNAPSHOT
2021-10-02 19:34:44 INFO  Server:414 - Started @2910ms
2021-10-02 19:34:44 INFO  AbstractConnector:278 - Started ServerConnector@11385d3{HTTP/1.1,[http/1.1]}{0.0.0.0:4040}
2021-10-02 19:34:44 INFO  Utils:54 - Successfully started service 'SparkUI' on port 4040.
2021-10-02 19:34:44 INFO  ContextHandler:781 - Started o.s.j.s.ServletContextHandler@15c9691{/jobs,null,AVAILABLE,@Spark}
2021-10-02 19:34:44 INFO  ContextHandler:781 - Started o.s.j.s.ServletContextHandler@13a6f4c{/jobs/json,null,AVAILABLE,@Spark}
2021-10-02 19:34:44 INFO  ContextHandler:781 - Started o.s.j.s.ServletContextHandler@e0e9ea{/jobs/job,null,AVAILABLE,@Spark}
2021-10-02 19:34:44 INFO  ContextHandler:781 - Started o.s.j.s.ServletContextHandler@d96373{/jobs/job/json,null,AVAILABLE,@Spark}
2021-10-02 19:34:44 INFO  ContextHandler:781 - Started o.s.j.s.ServletContextHandler@bb396b{/stages,null,AVAILABLE,@Spark}
2021-10-02 19:34:44 INFO  ContextHandler:781 - Started o.s.j.s.ServletContextHandler@11d3e2f{/stages/json,null,AVAILABLE,@Spark}
2021-10-02 19:34:44 INFO  ContextHandler:781 - Started o.s.j.s.ServletContextHandler@148dfff{/stages/stage,null,AVAILABLE,@Spark}
2021-10-02 19:34:44 INFO  ContextHandler:781 - Started o.s.j.s.ServletContextHandler@14e4d59{/stages/stage/json,null,AVAILABLE,@Spark}
2021-10-02 19:34:44 INFO  ContextHandler:781 - Started o.s.j.s.ServletContextHandler@6ccce8{/stages/pool,null,AVAILABLE,@Spark}
2021-10-02 19:34:44 INFO  ContextHandler:781 - Started o.s.j.s.ServletContextHandler@18ac837{/stages/pool/json,null,AVAILABLE,@Spark}
2021-10-02 19:34:44 INFO  ContextHandler:781 - Started o.s.j.s.ServletContextHandler@12e75bc{/storage,null,AVAILABLE,@Spark}
2021-10-02 19:34:44 INFO  ContextHandler:781 - Started o.s.j.s.ServletContextHandler@f3dc85{/storage/json,null,AVAILABLE,@Spark}
2021-10-02 19:34:44 INFO  ContextHandler:781 - Started o.s.j.s.ServletContextHandler@804c3f{/storage/rdd,null,AVAILABLE,@Spark}
2021-10-02 19:34:44 INFO  ContextHandler:781 - Started o.s.j.s.ServletContextHandler@1eeefa8{/storage/rdd/json,null,AVAILABLE,@Spark}
2021-10-02 19:34:44 INFO  ContextHandler:781 - Started o.s.j.s.ServletContextHandler@159f5fc{/environment,null,AVAILABLE,@Spark}
2021-10-02 19:34:44 INFO  ContextHandler:781 - Started o.s.j.s.ServletContextHandler@16e1c66{/environment/json,null,AVAILABLE,@Spark}
2021-10-02 19:34:44 INFO  ContextHandler:781 - Started o.s.j.s.ServletContextHandler@14b4700{/executors,null,AVAILABLE,@Spark}
2021-10-02 19:34:44 INFO  ContextHandler:781 - Started o.s.j.s.ServletContextHandler@1cc6d6e{/executors/json,null,AVAILABLE,@Spark}
2021-10-02 19:34:44 INFO  ContextHandler:781 - Started o.s.j.s.ServletContextHandler@1a29a7e{/executors/threadDump,null,AVAILABLE,@Spark}
2021-10-02 19:34:44 INFO  ContextHandler:781 - Started o.s.j.s.ServletContextHandler@283cc0{/executors/threadDump/json,null,AVAILABLE,@Spark}
2021-10-02 19:34:44 INFO  ContextHandler:781 - Started o.s.j.s.ServletContextHandler@1b20f82{/static,null,AVAILABLE,@Spark}
2021-10-02 19:34:44 INFO  ContextHandler:781 - Started o.s.j.s.ServletContextHandler@4b3317{/,null,AVAILABLE,@Spark}
2021-10-02 19:34:44 INFO  ContextHandler:781 - Started o.s.j.s.ServletContextHandler@9e7a5f{/api,null,AVAILABLE,@Spark}
2021-10-02 19:34:44 INFO  ContextHandler:781 - Started o.s.j.s.ServletContextHandler@1e0cd45{/jobs/job/kill,null,AVAILABLE,@Spark}
2021-10-02 19:34:44 INFO  ContextHandler:781 - Started o.s.j.s.ServletContextHandler@1b5b828{/stages/stage/kill,null,AVAILABLE,@Spark}
2021-10-02 19:34:44 INFO  SparkUI:54 - Bound SparkUI to 0.0.0.0, and started at http://INGURWSLGCMN4Y2.dunnhumby.co.uk:4040
2021-10-02 19:34:44 INFO  SparkContext:54 - Added file file:/C:/Users/dh207698/git_repo/assignment/main.py at file:/C:/Users/dh207698/git_repo/assignment/main.py with timestamp 1633183484227
2021-10-02 19:34:44 INFO  Utils:54 - Copying C:\Users\dh207698\git_repo\assignment\main.py to C:\Users\dh207698\AppData\Local\Temp\spark-f06686f4-fee5-498d-878c-97d4daffcac5\userFiles-f83749d8-2066-4f87-a5ad-984c4b89c586\main.py
2021-10-02 19:34:44 INFO  SparkContext:54 - Added file file:///C:/Users/dh207698/git_repo/assignment/dist/car_crash_solution-1.0.0-py3.7.egg at file:///C:/Users/dh207698/git_repo/assignment/dist/car_crash_solution-1.0.0-py3.7.egg with timestamp 1633183484327
2021-10-02 19:34:44 INFO  Utils:54 - Copying C:\Users\dh207698\git_repo\assignment\dist\car_crash_solution-1.0.0-py3.7.egg to C:\Users\dh207698\AppData\Local\Temp\spark-f06686f4-fee5-498d-878c-97d4daffcac5\userFiles-f83749d8-2066-4f87-a5ad-984c4b89c586\car_crash_solution-1.0.0-py3.7.egg
2021-10-02 19:34:44 INFO  Executor:54 - Starting executor ID driver on host localhost
2021-10-02 19:34:44 INFO  Utils:54 - Successfully started service 'org.apache.spark.network.netty.NettyBlockTransferService' on port 53054.
2021-10-02 19:34:44 INFO  NettyBlockTransferService:54 - Server created on INGURWSLGCMN4Y2.dunnhumby.co.uk:53054
2021-10-02 19:34:44 INFO  BlockManager:54 - Using org.apache.spark.storage.RandomBlockReplicationPolicy for block replication policy
2021-10-02 19:34:44 INFO  BlockManagerMaster:54 - Registering BlockManager BlockManagerId(driver, INGURWSLGCMN4Y2.dunnhumby.co.uk, 53054, None)
2021-10-02 19:34:44 INFO  BlockManagerMasterEndpoint:54 - Registering block manager INGURWSLGCMN4Y2.dunnhumby.co.uk:53054 with 413.9 MB RAM, BlockManagerId(driver, INGURWSLGCMN4Y2.dunnhumby.co.uk, 53054, None)
2021-10-02 19:34:44 INFO  BlockManagerMaster:54 - Registered BlockManager BlockManagerId(driver, INGURWSLGCMN4Y2.dunnhumby.co.uk, 53054, None)
2021-10-02 19:34:44 INFO  BlockManager:54 - Initialized BlockManager: BlockManagerId(driver, INGURWSLGCMN4Y2.dunnhumby.co.uk, 53054, None)
2021-10-02 19:34:44 INFO  ContextHandler:781 - Started o.s.j.s.ServletContextHandler@15fbb0a{/metrics/json,null,AVAILABLE,@Spark}
2021-10-02 19:34:44 INFO  SharedState:54 - Setting hive.metastore.warehouse.dir ('null') to the value of spark.sql.warehouse.dir ('file:/C:/Users/dh207698/git_repo/assignment/spark-warehouse').
2021-10-02 19:34:44 INFO  SharedState:54 - Warehouse path is 'file:/C:/Users/dh207698/git_repo/assignment/spark-warehouse'.
2021-10-02 19:34:44 INFO  ContextHandler:781 - Started o.s.j.s.ServletContextHandler@401c55{/SQL,null,AVAILABLE,@Spark}
2021-10-02 19:34:44 INFO  ContextHandler:781 - Started o.s.j.s.ServletContextHandler@1864989{/SQL/json,null,AVAILABLE,@Spark}
2021-10-02 19:34:44 INFO  ContextHandler:781 - Started o.s.j.s.ServletContextHandler@203780{/SQL/execution,null,AVAILABLE,@Spark}
2021-10-02 19:34:44 INFO  ContextHandler:781 - Started o.s.j.s.ServletContextHandler@8922ee{/SQL/execution/json,null,AVAILABLE,@Spark}
2021-10-02 19:34:44 INFO  ContextHandler:781 - Started o.s.j.s.ServletContextHandler@1f5cfb8{/static/sql,null,AVAILABLE,@Spark}
2021-10-02 19:34:45 INFO  StateStoreCoordinatorRef:54 - Registered StateStoreCoordinator endpoint
2021-10-02 19:34:45 INFO: Executing Case Study Solution...
2021-10-02 19:34:45 INFO: Reading configuration file...
Traceback (most recent call last):
  File "C:/Users/dh207698/git_repo/assignment/main.py", line 18, in <module>
    Analysis(spark).start()
  File "C:\Users\dh207698\git_repo\assignment\car_crash\analysis.py", line 17, in start
    self.conf = read_json("config/config.json")
  File "C:\Users\dh207698\git_repo\assignment\car_crash\utils.py", line 9, in read_json
    return json.load(open(file_name))
  File "C:\Program Files\Python37\Lib\json\__init__.py", line 296, in load
    parse_constant=parse_constant, object_pairs_hook=object_pairs_hook, **kw)
  File "C:\Program Files\Python37\Lib\json\__init__.py", line 348, in loads
    return _default_decoder.decode(s)
  File "C:\Program Files\Python37\Lib\json\decoder.py", line 337, in decode
    obj, end = self.raw_decode(s, idx=_w(s, 0).end())
  File "C:\Program Files\Python37\Lib\json\decoder.py", line 355, in raw_decode
    raise JSONDecodeError("Expecting value", s, err.value) from None
json.decoder.JSONDecodeError: Expecting value: line 14 column 56 (char 548)
2021-10-02 19:37:44 WARN  NativeCodeLoader:62 - Unable to load native-hadoop library for your platform... using builtin-java classes where applicable
2021-10-02 19:37:45 INFO  SparkContext:54 - Running Spark version 2.3.0
2021-10-02 19:37:45 INFO  SparkContext:54 - Submitted application: test
2021-10-02 19:37:45 INFO  SecurityManager:54 - Changing view acls to: dh207698
2021-10-02 19:37:45 INFO  SecurityManager:54 - Changing modify acls to: dh207698
2021-10-02 19:37:45 INFO  SecurityManager:54 - Changing view acls groups to: 
2021-10-02 19:37:45 INFO  SecurityManager:54 - Changing modify acls groups to: 
2021-10-02 19:37:45 INFO  SecurityManager:54 - SecurityManager: authentication disabled; ui acls disabled; users  with view permissions: Set(dh207698); groups with view permissions: Set(); users  with modify permissions: Set(dh207698); groups with modify permissions: Set()
2021-10-02 19:37:46 INFO  Utils:54 - Successfully started service 'sparkDriver' on port 52288.
2021-10-02 19:37:46 INFO  SparkEnv:54 - Registering MapOutputTracker
2021-10-02 19:37:46 INFO  SparkEnv:54 - Registering BlockManagerMaster
2021-10-02 19:37:46 INFO  BlockManagerMasterEndpoint:54 - Using org.apache.spark.storage.DefaultTopologyMapper for getting topology information
2021-10-02 19:37:46 INFO  BlockManagerMasterEndpoint:54 - BlockManagerMasterEndpoint up
2021-10-02 19:37:46 INFO  DiskBlockManager:54 - Created local directory at C:\Users\dh207698\AppData\Local\Temp\blockmgr-a93c518e-5feb-41d8-9b48-da9900657db3
2021-10-02 19:37:46 INFO  MemoryStore:54 - MemoryStore started with capacity 413.9 MB
2021-10-02 19:37:46 INFO  SparkEnv:54 - Registering OutputCommitCoordinator
2021-10-02 19:37:46 INFO  log:192 - Logging initialized @3165ms
2021-10-02 19:37:46 INFO  Server:346 - jetty-9.3.z-SNAPSHOT
2021-10-02 19:37:46 INFO  Server:414 - Started @3238ms
2021-10-02 19:37:46 INFO  AbstractConnector:278 - Started ServerConnector@1a5264f{HTTP/1.1,[http/1.1]}{0.0.0.0:4040}
2021-10-02 19:37:46 INFO  Utils:54 - Successfully started service 'SparkUI' on port 4040.
2021-10-02 19:37:46 INFO  ContextHandler:781 - Started o.s.j.s.ServletContextHandler@410beb{/jobs,null,AVAILABLE,@Spark}
2021-10-02 19:37:46 INFO  ContextHandler:781 - Started o.s.j.s.ServletContextHandler@ba100a{/jobs/json,null,AVAILABLE,@Spark}
2021-10-02 19:37:46 INFO  ContextHandler:781 - Started o.s.j.s.ServletContextHandler@120bad{/jobs/job,null,AVAILABLE,@Spark}
2021-10-02 19:37:46 INFO  ContextHandler:781 - Started o.s.j.s.ServletContextHandler@1f5e1b3{/jobs/job/json,null,AVAILABLE,@Spark}
2021-10-02 19:37:46 INFO  ContextHandler:781 - Started o.s.j.s.ServletContextHandler@11b92c7{/stages,null,AVAILABLE,@Spark}
2021-10-02 19:37:46 INFO  ContextHandler:781 - Started o.s.j.s.ServletContextHandler@15cadaa{/stages/json,null,AVAILABLE,@Spark}
2021-10-02 19:37:46 INFO  ContextHandler:781 - Started o.s.j.s.ServletContextHandler@14cbb65{/stages/stage,null,AVAILABLE,@Spark}
2021-10-02 19:37:46 INFO  ContextHandler:781 - Started o.s.j.s.ServletContextHandler@dfc7c5{/stages/stage/json,null,AVAILABLE,@Spark}
2021-10-02 19:37:46 INFO  ContextHandler:781 - Started o.s.j.s.ServletContextHandler@dec7a8{/stages/pool,null,AVAILABLE,@Spark}
2021-10-02 19:37:46 INFO  ContextHandler:781 - Started o.s.j.s.ServletContextHandler@2eb121{/stages/pool/json,null,AVAILABLE,@Spark}
2021-10-02 19:37:46 INFO  ContextHandler:781 - Started o.s.j.s.ServletContextHandler@1c28ec{/storage,null,AVAILABLE,@Spark}
2021-10-02 19:37:46 INFO  ContextHandler:781 - Started o.s.j.s.ServletContextHandler@273485{/storage/json,null,AVAILABLE,@Spark}
2021-10-02 19:37:46 INFO  ContextHandler:781 - Started o.s.j.s.ServletContextHandler@8059ae{/storage/rdd,null,AVAILABLE,@Spark}
2021-10-02 19:37:46 INFO  ContextHandler:781 - Started o.s.j.s.ServletContextHandler@16446a6{/storage/rdd/json,null,AVAILABLE,@Spark}
2021-10-02 19:37:46 INFO  ContextHandler:781 - Started o.s.j.s.ServletContextHandler@4c5cee{/environment,null,AVAILABLE,@Spark}
2021-10-02 19:37:46 INFO  ContextHandler:781 - Started o.s.j.s.ServletContextHandler@1bec4fe{/environment/json,null,AVAILABLE,@Spark}
2021-10-02 19:37:46 INFO  ContextHandler:781 - Started o.s.j.s.ServletContextHandler@1fda9ce{/executors,null,AVAILABLE,@Spark}
2021-10-02 19:37:46 INFO  ContextHandler:781 - Started o.s.j.s.ServletContextHandler@c18661{/executors/json,null,AVAILABLE,@Spark}
2021-10-02 19:37:46 INFO  ContextHandler:781 - Started o.s.j.s.ServletContextHandler@34047b{/executors/threadDump,null,AVAILABLE,@Spark}
2021-10-02 19:37:46 INFO  ContextHandler:781 - Started o.s.j.s.ServletContextHandler@116a7b7{/executors/threadDump/json,null,AVAILABLE,@Spark}
2021-10-02 19:37:46 INFO  ContextHandler:781 - Started o.s.j.s.ServletContextHandler@10bd4c2{/static,null,AVAILABLE,@Spark}
2021-10-02 19:37:46 INFO  ContextHandler:781 - Started o.s.j.s.ServletContextHandler@1fbfcb6{/,null,AVAILABLE,@Spark}
2021-10-02 19:37:46 INFO  ContextHandler:781 - Started o.s.j.s.ServletContextHandler@c72b60{/api,null,AVAILABLE,@Spark}
2021-10-02 19:37:46 INFO  ContextHandler:781 - Started o.s.j.s.ServletContextHandler@1cd6d42{/jobs/job/kill,null,AVAILABLE,@Spark}
2021-10-02 19:37:46 INFO  ContextHandler:781 - Started o.s.j.s.ServletContextHandler@69bbd5{/stages/stage/kill,null,AVAILABLE,@Spark}
2021-10-02 19:37:46 INFO  SparkUI:54 - Bound SparkUI to 0.0.0.0, and started at http://INGURWSLGCMN4Y2.dunnhumby.co.uk:4040
2021-10-02 19:37:46 INFO  SparkContext:54 - Added file file:/C:/Users/dh207698/git_repo/assignment/main.py at file:/C:/Users/dh207698/git_repo/assignment/main.py with timestamp 1633183666553
2021-10-02 19:37:46 INFO  Utils:54 - Copying C:\Users\dh207698\git_repo\assignment\main.py to C:\Users\dh207698\AppData\Local\Temp\spark-0cbf400b-9678-42ee-acce-20b6e1312bf2\userFiles-4ba06fe5-4215-4f87-8e1d-100c680465eb\main.py
2021-10-02 19:37:46 INFO  SparkContext:54 - Added file file:///C:/Users/dh207698/git_repo/assignment/dist/car_crash_solution-1.0.0-py3.7.egg at file:///C:/Users/dh207698/git_repo/assignment/dist/car_crash_solution-1.0.0-py3.7.egg with timestamp 1633183666653
2021-10-02 19:37:46 INFO  Utils:54 - Copying C:\Users\dh207698\git_repo\assignment\dist\car_crash_solution-1.0.0-py3.7.egg to C:\Users\dh207698\AppData\Local\Temp\spark-0cbf400b-9678-42ee-acce-20b6e1312bf2\userFiles-4ba06fe5-4215-4f87-8e1d-100c680465eb\car_crash_solution-1.0.0-py3.7.egg
2021-10-02 19:37:46 INFO  Executor:54 - Starting executor ID driver on host localhost
2021-10-02 19:37:46 INFO  Utils:54 - Successfully started service 'org.apache.spark.network.netty.NettyBlockTransferService' on port 52330.
2021-10-02 19:37:46 INFO  NettyBlockTransferService:54 - Server created on INGURWSLGCMN4Y2.dunnhumby.co.uk:52330
2021-10-02 19:37:46 INFO  BlockManager:54 - Using org.apache.spark.storage.RandomBlockReplicationPolicy for block replication policy
2021-10-02 19:37:46 INFO  BlockManagerMaster:54 - Registering BlockManager BlockManagerId(driver, INGURWSLGCMN4Y2.dunnhumby.co.uk, 52330, None)
2021-10-02 19:37:46 INFO  BlockManagerMasterEndpoint:54 - Registering block manager INGURWSLGCMN4Y2.dunnhumby.co.uk:52330 with 413.9 MB RAM, BlockManagerId(driver, INGURWSLGCMN4Y2.dunnhumby.co.uk, 52330, None)
2021-10-02 19:37:46 INFO  BlockManagerMaster:54 - Registered BlockManager BlockManagerId(driver, INGURWSLGCMN4Y2.dunnhumby.co.uk, 52330, None)
2021-10-02 19:37:46 INFO  BlockManager:54 - Initialized BlockManager: BlockManagerId(driver, INGURWSLGCMN4Y2.dunnhumby.co.uk, 52330, None)
2021-10-02 19:37:46 INFO  ContextHandler:781 - Started o.s.j.s.ServletContextHandler@869938{/metrics/json,null,AVAILABLE,@Spark}
2021-10-02 19:37:47 INFO  SharedState:54 - Setting hive.metastore.warehouse.dir ('null') to the value of spark.sql.warehouse.dir ('file:/C:/Users/dh207698/git_repo/assignment/spark-warehouse').
2021-10-02 19:37:47 INFO  SharedState:54 - Warehouse path is 'file:/C:/Users/dh207698/git_repo/assignment/spark-warehouse'.
2021-10-02 19:37:47 INFO  ContextHandler:781 - Started o.s.j.s.ServletContextHandler@fcaf0e{/SQL,null,AVAILABLE,@Spark}
2021-10-02 19:37:47 INFO  ContextHandler:781 - Started o.s.j.s.ServletContextHandler@9d13d1{/SQL/json,null,AVAILABLE,@Spark}
2021-10-02 19:37:47 INFO  ContextHandler:781 - Started o.s.j.s.ServletContextHandler@825639{/SQL/execution,null,AVAILABLE,@Spark}
2021-10-02 19:37:47 INFO  ContextHandler:781 - Started o.s.j.s.ServletContextHandler@bb2d80{/SQL/execution/json,null,AVAILABLE,@Spark}
2021-10-02 19:37:47 INFO  ContextHandler:781 - Started o.s.j.s.ServletContextHandler@1a4295e{/static/sql,null,AVAILABLE,@Spark}
2021-10-02 19:37:47 INFO  StateStoreCoordinatorRef:54 - Registered StateStoreCoordinator endpoint
2021-10-02 19:37:47 INFO: Executing Case Study Solution...
2021-10-02 19:37:47 INFO: Reading configuration file...
2021-10-02 19:37:47 INFO: Reading file: driver_df
2021-10-02 19:37:53 INFO: Reading file: vehicle_df
2021-10-02 19:37:54 INFO: Reading file: charges_df
2021-10-02 19:37:54 INFO: Reading file: damages_df
2021-10-02 19:37:54 INFO: Reading file: endorse_df
2021-10-02 19:37:54 INFO: Reading file: restrict_df
2021-10-02 19:37:58 INFO: the number of crashes (accidents) in 
                      which number of persons killed are MALE :68191
2021-10-02 19:38:00 INFO: two wheelers are booked for crashes :757
2021-10-02 19:38:09 INFO: State has highest number of accidents 
        in which FEMALE are involved: Texas
2021-10-02 19:38:09 INFO: Top 5th to 15th VEH_MAKE_IDs that contribute
         to a largest number of injuries including death
+----------------------------+------------+----+
|VEH_MAKE_ID                 |total_injury|rank|
+----------------------------+------------+----+
|KYMCO                       |4.0         |5   |
|CRANE CARRIER               |4.0         |5   |
|VICTORY                     |4.0         |5   |
|REQUIRES INTERPRETATION     |5.0         |6   |
|WESTERN STAR                |5.0         |6   |
|JOHN DEERE                  |7.0         |7   |
|THOMAS                      |9.0         |8   |
|ALL OTHER MAKES             |11.0        |9   |
|SMART                       |12.0        |10  |
|GILLIG                      |13.0        |11  |
|STERLING                    |14.0        |12  |
|SAAB                        |14.0        |12  |
|GEO                         |15.0        |13  |
|NEW FLYER                   |16.0        |14  |
|HINO                        |17.0        |15  |
|OTHER (EXPLAIN IN NARRATIVE)|17.0        |15  |
+----------------------------+------------+----+

2021-10-02 19:38:12 INFO: top ethnic user group of each unique body style:
+---------------------------------+-----------------+
|VEH_BODY_STYL_ID                 |PRSN_ETHNICITY_ID|
+---------------------------------+-----------------+
|BUS                              |HISPANIC         |
|NA                               |WHITE            |
|VAN                              |WHITE            |
|PICKUP                           |WHITE            |
|SPORT UTILITY VEHICLE            |WHITE            |
|PASSENGER CAR, 4-DOOR            |WHITE            |
|FIRE TRUCK                       |WHITE            |
|TRUCK                            |WHITE            |
|UNKNOWN                          |WHITE            |
|AMBULANCE                        |WHITE            |
|POLICE CAR/TRUCK                 |WHITE            |
|MOTORCYCLE                       |WHITE            |
|YELLOW SCHOOL BUS                |WHITE            |
|POLICE MOTORCYCLE                |HISPANIC         |
|PASSENGER CAR, 2-DOOR            |WHITE            |
|TRUCK TRACTOR                    |WHITE            |
|FARM EQUIPMENT                   |WHITE            |
|NEV-NEIGHBORHOOD ELECTRIC VEHICLE|WHITE            |
|OTHER  (EXPLAIN IN NARRATIVE)    |WHITE            |
|NOT REPORTED                     |HISPANIC         |
+---------------------------------+-----------------+
only showing top 20 rows

2021-10-02 19:38:16 INFO: Top 5 Zip Codes with highest number crashes with alcohols as the contributing factor to a crash
+--------+---+
|DRVR_ZIP|cnt|
+--------+---+
|78521   |62 |
|76010   |48 |
|79936   |42 |
|79938   |37 |
|79907   |34 |
+--------+---+

2021-10-02 19:38:28 INFO: Distinct Crash IDs where No Damaged Property was observed and Damage Level (VEH_DMAG_SCL~) 
        is above 4 and car avails Insurance: 0
2021-10-02 19:38:28 INFO: Top 5 Vehicle Makes where drivers are charged with speeding
         related offences, has licensed Drivers, uses top 10 used vehicle colours
          and has car licensed with the Top 25 states with highest number of offences 
+-----------+-----+
|VEH_MAKE_ID|count|
+-----------+-----+
|FORD       |18945|
|CHEVROLET  |16429|
|TOYOTA     |11434|
|DODGE      |7842 |
|NISSAN     |7205 |
+-----------+-----+

2021-10-02 19:38:35 INFO: #############COMPLETED#########################
